SF:lib/presentation/features/splash/bloc/splash_bloc.dart
DA:6,2
DA:7,2
DA:10,2
DA:11,6
DA:12,4
DA:16,2
LF:6
LH:6
end_of_record
SF:lib/config/extensions/date_extension.dart
DA:7,2
DA:8,8
DA:11,1
DA:12,2
LF:4
LH:4
end_of_record
SF:lib/config/extensions/string_extension.dart
DA:4,3
DA:6,3
LF:2
LH:2
end_of_record
SF:lib/config/utils/misc_util.dart
DA:1,2
DA:2,2
DA:3,18
LF:3
LH:3
end_of_record
SF:lib/config/theme/colors.dart
DA:4,0
LF:1
LH:0
end_of_record
SF:lib/config/theme/text_style.dart
DA:6,0
DA:8,3
DA:10,1
DA:13,4
DA:15,6
DA:16,2
DA:20,8
DA:24,0
DA:25,0
DA:29,6
DA:30,2
DA:34,4
DA:38,6
DA:39,2
DA:43,4
DA:47,4
LF:16
LH:13
end_of_record
SF:lib/config/theme/theme.dart
DA:5,0
DA:7,3
DA:8,3
LF:3
LH:2
end_of_record
SF:lib/config/theme/units.dart
DA:6,4
DA:7,4
DA:8,0
DA:10,4
DA:11,4
DA:13,4
DA:14,4
DA:15,0
DA:17,4
DA:18,4
DA:20,5
DA:22,0
DA:23,4
DA:25,0
DA:26,4
DA:27,0
DA:29,0
DA:30,0
DA:31,0
LF:19
LH:11
end_of_record
SF:lib/config/theme/visuals.dart
DA:2,0
LF:1
LH:0
end_of_record
SF:lib/config/utils/string_utils.dart
DA:1,0
DA:2,0
LF:2
LH:0
end_of_record
SF:lib/core/bloc/app_bloc.dart
DA:2,0
DA:4,0
LF:2
LH:0
end_of_record
SF:lib/core/bloc/bloc_provider.dart
DA:8,0
DA:9,0
DA:12,0
DA:13,0
DA:16,0
DA:17,0
DA:18,0
DA:22,0
DA:23,0
DA:25,0
LF:10
LH:0
end_of_record
SF:lib/core/repository/repository_provider.dart
DA:4,0
DA:5,0
DA:6,0
LF:3
LH:0
end_of_record
SF:lib/data/dao/employee_account/employee_account_dao.dart
DA:19,4
LF:1
LH:1
end_of_record
SF:lib/data/dao/employee_account/employee_account_dao.g.dart
DA:13,0
DA:15,0
DA:16,0
DA:17,0
DA:19,0
DA:20,0
DA:21,0
DA:22,0
DA:23,0
DA:24,0
DA:28,0
DA:31,0
DA:32,0
DA:33,0
DA:34,0
DA:35,0
DA:36,0
DA:37,0
DA:38,0
DA:39,0
DA:40,0
DA:41,0
DA:44,0
DA:45,0
DA:47,0
DA:50,0
LF:26
LH:0
end_of_record
SF:lib/presentation/features/employee_form/bloc/employee_form_bloc.dart
DA:26,2
DA:27,2
DA:30,2
DA:31,2
DA:34,2
DA:35,2
DA:36,8
DA:37,8
DA:38,6
DA:39,6
DA:43,2
DA:46,4
DA:47,6
DA:49,2
DA:50,3
DA:55,2
DA:56,2
DA:57,1
DA:58,2
DA:59,2
DA:60,2
DA:61,2
DA:64,1
DA:65,2
DA:67,4
DA:73,2
DA:76,6
DA:77,4
DA:80,4
DA:83,4
DA:84,4
DA:87,2
DA:90,6
DA:91,0
DA:94,4
DA:96,4
DA:97,0
DA:100,4
DA:106,2
LF:39
LH:37
end_of_record
SF:lib/presentation/features/employee_list/bloc/employee_list_bloc.dart
DA:11,2
DA:12,2
DA:15,2
DA:16,2
DA:19,2
DA:20,4
DA:21,2
DA:24,12
DA:25,4
DA:28,12
DA:29,4
DA:32,2
DA:33,4
DA:35,2
DA:38,2
LF:15
LH:15
end_of_record
SF:lib/core/hive_adapters/hive_adapters.dart
DA:5,0
DA:6,0
DA:7,0
LF:3
LH:0
end_of_record
SF:lib/data/dao/enum_dao/employee_role_enum.dart
DA:7,0
DA:9,0
DA:12,0
DA:14,0
DA:17,0
DA:22,1
DA:24,1
DA:25,1
DA:26,1
DA:27,1
DA:28,2
LF:11
LH:6
end_of_record
SF:lib/domain/dao_controller/employee_account/employee_account_dao_controller.dart
DA:7,0
DA:9,0
DA:12,0
DA:13,0
DA:18,0
DA:21,0
DA:29,0
DA:31,0
DA:32,0
DA:34,0
DA:41,0
DA:42,0
DA:43,0
DA:46,0
DA:48,0
DA:53,0
DA:56,0
DA:65,0
DA:67,0
DA:69,0
LF:20
LH:0
end_of_record
SF:lib/domain/repository/manage_employee/manage_employee_repository.dart
DA:9,0
DA:13,0
DA:14,0
DA:15,0
DA:16,0
DA:17,0
DA:18,0
DA:19,0
DA:21,0
DA:24,0
DA:25,0
DA:27,0
DA:28,0
DA:29,0
DA:30,0
DA:32,0
DA:35,0
DA:36,0
DA:39,0
DA:40,0
DA:43,0
DA:44,0
LF:22
LH:0
end_of_record
SF:lib/core/routes/page_route_builder.dart
DA:5,0
DA:9,0
DA:10,0
DA:11,0
DA:13,0
DA:14,0
DA:19,0
DA:20,0
DA:21,0
DA:24,0
DA:28,0
DA:29,0
DA:30,0
DA:33,0
DA:37,0
DA:38,0
DA:39,0
DA:42,0
DA:43,0
DA:44,0
LF:20
LH:0
end_of_record
SF:lib/core/routes/routes.dart
DA:13,0
DA:14,0
DA:15,0
DA:16,0
DA:21,0
DA:22,0
DA:23,0
DA:24,0
DA:25,0
DA:26,0
DA:27,0
DA:28,0
DA:29,0
DA:34,0
DA:35,0
DA:36,0
DA:37,0
DA:38,0
DA:46,0
DA:47,0
DA:48,0
DA:49,0
DA:50,0
DA:51,0
LF:24
LH:0
end_of_record
SF:lib/presentation/features/employee_form/employee_form_page.dart
DA:21,1
DA:22,1
DA:28,1
DA:30,1
DA:31,3
DA:34,1
DA:36,1
DA:37,1
DA:39,1
DA:40,2
DA:41,1
DA:46,1
DA:47,1
DA:48,1
DA:49,1
DA:50,1
DA:51,1
DA:52,2
DA:53,3
DA:54,2
DA:55,1
DA:58,1
DA:62,1
DA:63,1
DA:64,2
DA:65,1
DA:66,1
DA:67,1
DA:69,1
DA:70,0
DA:71,0
DA:72,0
DA:77,1
DA:78,1
DA:81,1
DA:82,1
DA:84,1
DA:86,2
DA:87,3
DA:88,2
DA:93,1
DA:98,3
DA:99,0
DA:103,1
DA:104,1
DA:107,1
DA:109,2
DA:110,3
DA:114,1
DA:119,3
DA:120,3
DA:128,1
DA:130,1
DA:132,1
DA:137,1
DA:138,1
DA:139,1
DA:141,1
DA:142,1
DA:146,1
DA:147,1
DA:152,1
DA:153,1
DA:156,1
DA:157,4
DA:158,0
DA:159,0
DA:167,1
DA:178,1
LF:69
LH:63
end_of_record
SF:lib/presentation/features/employee_list/employee_list_page.dart
DA:19,1
DA:20,1
DA:26,1
DA:28,1
DA:29,3
DA:32,1
DA:34,1
DA:36,1
DA:39,1
DA:41,1
DA:45,1
DA:46,2
DA:47,1
DA:48,2
DA:51,1
DA:52,1
DA:53,2
DA:54,1
DA:55,2
DA:58,1
DA:59,1
DA:62,1
DA:63,1
DA:64,1
DA:68,1
DA:79,1
DA:82,1
DA:83,1
DA:86,1
DA:87,1
DA:88,0
DA:91,1
DA:94,1
DA:105,1
DA:110,1
DA:112,2
DA:115,1
DA:116,1
DA:118,1
DA:119,1
DA:120,1
DA:121,1
DA:122,1
DA:123,2
DA:126,1
DA:128,1
DA:131,1
DA:132,2
DA:133,1
DA:134,3
DA:136,1
DA:142,1
DA:143,3
DA:144,1
DA:145,2
DA:146,1
DA:147,1
DA:149,1
DA:156,1
DA:157,3
DA:158,1
DA:160,1
DA:161,1
DA:162,2
DA:163,1
DA:165,1
DA:166,1
DA:167,3
DA:168,1
DA:171,1
DA:172,5
DA:173,1
DA:177,1
DA:178,1
DA:181,1
DA:182,1
DA:183,0
DA:189,1
DA:192,2
LF:79
LH:77
end_of_record
SF:lib/presentation/features/splash/splash_page.dart
DA:11,7
DA:13,1
DA:14,1
DA:21,1
DA:23,1
DA:24,1
DA:25,3
DA:27,1
DA:28,5
DA:32,1
DA:34,2
DA:35,1
DA:38,1
DA:40,1
DA:41,1
DA:42,1
DA:45,1
DA:51,0
DA:52,0
DA:53,0
DA:55,0
LF:21
LH:17
end_of_record
SF:lib/domain/repository/manage_employee/config/manage_employee_config.dart
DA:9,1
LF:1
LH:1
end_of_record
SF:lib/main.dart
DA:13,9
DA:15,0
DA:16,0
DA:17,0
DA:19,0
DA:20,0
DA:23,0
DA:25,0
DA:27,0
DA:28,0
DA:39,6
DA:42,0
DA:44,0
DA:45,0
DA:46,0
DA:47,0
DA:48,0
DA:50,0
DA:56,0
DA:57,0
DA:58,0
DA:62,0
DA:63,0
DA:64,0
DA:65,0
DA:66,0
DA:67,0
DA:68,0
LF:28
LH:2
end_of_record
SF:lib/presentation/components/custom_widget/custom_bottom_dropdown.dart
DA:13,1
DA:22,1
DA:24,1
DA:25,0
DA:26,0
DA:28,1
DA:29,1
DA:30,1
DA:31,1
DA:32,1
DA:35,1
DA:37,1
DA:38,1
DA:39,1
DA:44,1
DA:45,1
DA:46,2
DA:47,2
DA:61,0
DA:62,0
DA:65,0
DA:66,0
DA:68,0
DA:69,0
DA:72,0
DA:73,0
DA:74,0
DA:75,0
DA:76,0
DA:78,0
DA:80,0
DA:81,0
DA:82,0
LF:33
LH:16
end_of_record
SF:lib/presentation/components/custom_widget/custom_button.dart
DA:20,1
DA:34,1
DA:36,1
DA:37,1
DA:38,1
DA:39,1
DA:40,1
DA:41,1
DA:42,1
DA:43,1
DA:44,2
DA:46,2
DA:47,1
DA:48,1
DA:49,4
LF:15
LH:15
end_of_record
SF:lib/presentation/components/custom_widget/localized_text.dart
DA:11,2
DA:19,2
DA:21,4
DA:22,2
DA:23,2
DA:24,2
DA:25,2
LF:7
LH:7
end_of_record
SF:lib/presentation/components/custom_widget/custom_svg_icon.dart
DA:13,12
DA:23,1
DA:25,1
DA:26,1
DA:27,1
DA:28,1
DA:29,1
DA:30,1
DA:31,1
LF:9
LH:9
end_of_record
SF:lib/presentation/components/custom_widget/custom_text_field.dart
DA:49,1
DA:89,1
DA:90,1
DA:96,1
DA:98,1
DA:99,4
DA:100,1
DA:101,2
DA:102,3
DA:103,2
DA:108,1
DA:111,1
DA:114,1
DA:116,1
DA:118,1
DA:119,1
DA:120,2
DA:121,1
DA:122,1
DA:123,1
DA:125,1
DA:126,2
DA:127,1
DA:128,1
DA:129,2
DA:130,1
DA:131,3
DA:132,3
DA:133,1
DA:134,2
DA:135,2
DA:136,2
DA:137,2
DA:138,1
DA:139,2
DA:140,2
DA:141,2
DA:143,2
DA:144,2
DA:145,2
DA:146,2
DA:147,2
DA:148,2
DA:149,3
DA:150,1
DA:151,2
DA:152,2
DA:153,1
DA:154,2
DA:155,2
DA:156,2
DA:157,2
DA:158,2
DA:159,3
DA:160,1
DA:161,2
DA:162,2
DA:163,2
DA:164,1
DA:165,1
DA:166,1
DA:167,1
DA:171,0
DA:180,1
DA:181,2
DA:182,2
DA:183,2
DA:189,1
DA:190,2
DA:193,1
DA:194,5
DA:195,1
DA:206,1
DA:212,1
DA:214,1
DA:215,1
DA:216,1
DA:217,1
DA:218,1
DA:219,1
DA:220,1
DA:221,1
DA:222,2
DA:223,2
DA:224,1
DA:226,2
DA:229,1
LF:87
LH:86
end_of_record
SF:lib/presentation/components/dialog/date_picker.dart
DA:3,1
DA:7,1
DA:9,1
DA:10,1
DA:11,1
LF:5
LH:5
end_of_record
